[debug] [2026-04-28T15:39:00.310Z] ----------------------------------------------------------------------
[debug] [2026-04-28T15:39:00.315Z] Command:       C:\Program Files\nodejs\node.exe C:\Users\sam\AppData\Roaming\npm\node_modules\firebase-tools\lib\bin\firebase.js init hosting
[debug] [2026-04-28T15:39:00.315Z] CLI Version:   15.15.0
[debug] [2026-04-28T15:39:00.316Z] Platform:      win32
[debug] [2026-04-28T15:39:00.316Z] Node Version:  v24.14.1
[debug] [2026-04-28T15:39:00.316Z] Time:          Tue Apr 28 2026 21:09:00 GMT+0530 (India Standard Time)
[debug] [2026-04-28T15:39:00.316Z] ----------------------------------------------------------------------
[debug] 
[debug] [2026-04-28T15:39:00.321Z] >>> [apiv2][query] GET https://firebase-public.firebaseio.com/cli.json [none]
[info] 
     ######## #### ########  ######## ########     ###     ######  ########
     ##        ##  ##     ## ##       ##     ##  ##   ##  ##       ##
     ######    ##  ########  ######   ########  #########  ######  ######
     ##        ##  ##    ##  ##       ##     ## ##     ##       ## ##
     ##       #### ##     ## ######## ########  ##     ##  ######  ########

You're about to initialize a Firebase project in this directory:

  C:\Users\sam\Documents\Projects\sim-pro-max\modern ui

[debug] [2026-04-28T15:39:02.459Z] <<< [apiv2][status] GET https://firebase-public.firebaseio.com/cli.json 200
[debug] [2026-04-28T15:39:02.459Z] <<< [apiv2][body] GET https://firebase-public.firebaseio.com/cli.json {"cloudBuildErrorAfter":1594252800000,"cloudBuildWarnAfter":1590019200000,"defaultNode10After":1594252800000,"minVersion":"3.0.5","node8DeploysDisabledAfter":1613390400000,"node8RuntimeDisabledAfter":1615809600000,"node8WarnAfter":1600128000000}
[info] 
=== Project Setup
[info] 
[info] First, let's associate this project directory with a Firebase project.
[info] You can create multiple project aliases by running firebase use --add, 
[info] 
[debug] [2026-04-28T15:39:11.875Z] ExitPromptError: User force closed the prompt with SIGINT
    at Interface.sigint (C:\Users\sam\AppData\Roaming\npm\node_modules\firebase-tools\node_modules\@inquirer\core\dist\commonjs\lib\create-prompt.js:101:37)
    at Interface.emit (node:events:508:28)
    at [_ttyWrite] [as _ttyWrite] (node:internal/readline/interface:1327:18)
    at ReadStream.onkeypress (node:internal/readline/interface:284:20)
    at ReadStream.emit (node:events:520:35)
    at emitKeys (node:internal/readline/utils:371:14)
    at emitKeys.next (<anonymous>)
    at ReadStream.onData (node:internal/readline/emitKeypressEvents:64:36)
    at ReadStream.emit (node:events:508:28)
    at addChunk (node:internal/streams/readable:563:12)
[error] 
[error] Error: An unexpected error has occurred.
